
    <RelativeLayout xmlns:android="http://schemas.android.com/apk/res/android"
        android:id="@+id/relativeLayout1"
        android:layout_width="fill_parent"
        android:layout_height="fill_parent" >

        <TextView
            android:id="@+id/testResults"
            android:layout_width="wrap_content"
            android:layout_height="wrap_content"
            android:layout_alignParentTop="true"
            android:layout_centerHorizontal="true"
            android:text="You got X correct!"
            android:textAppearance="?android:attr/textAppearanceLarge" />

        <TextView
            android:id="@+id/testScore"
            android:layout_width="wrap_content"
            android:layout_height="wrap_content"
            android:layout_below="@+id/testResults"
            android:layout_centerHorizontal="true"
            android:layout_marginTop="14dp"
            android:text="Your score is X"
            android:textAppearance="?android:attr/textAppearanceLarge" />

        <Button
            android:id="@+id/backToMenu"
            android:layout_width="wrap_content"
            android:layout_height="wrap_content"
            android:layout_alignParentBottom="true"
            android:layout_alignParentLeft="true"
            android:layout_alignParentRight="true"
            android:text="Back To Menu" />

    </RelativeLayout>
